[0m08:55:16.859493 [debug] [MainThread]: Sending event: {'category': 'dbt', 'action': 'invocation', 'label': 'start', 'context': [<snowplow_tracker.self_describing_json.SelfDescribingJson object at 0x00000240EA6805C0>, <snowplow_tracker.self_describing_json.SelfDescribingJson object at 0x00000240EC232DB0>, <snowplow_tracker.self_describing_json.SelfDescribingJson object at 0x00000240EE425220>]}


============================== 08:55:16.960947 | 68319a13-ce5f-44f4-bea8-164bf6deb094 ==============================
[0m08:55:16.960947 [info ] [MainThread]: Running with dbt=1.11.11
[0m08:55:16.963940 [debug] [MainThread]: running dbt with arguments {'static_parser': 'True', 'no_print': 'None', 'version_check': 'True', 'warn_error_options': 'WarnErrorOptionsV2(error=[], warn=[], silence=[])', 'target_path': 'None', 'printer_width': '80', 'write_json': 'True', 'introspect': 'True', 'log_cache_events': 'False', 'empty': 'None', 'cache_selected_only': 'False', 'log_format': 'default', 'debug': 'False', 'fail_fast': 'False', 'profiles_dir': 'C:\\Users\\davi.ramos.ODONTOGROUP\\.dbt', 'send_anonymous_usage_stats': 'True', 'quiet': 'False', 'warn_error': 'None', 'partial_parse': 'True', 'invocation_command': 'dbt init rick_and_morty_dbt', 'indirect_selection': 'eager', 'use_colors': 'True', 'use_experimental_parser': 'False', 'log_path': 'logs'}
[0m08:55:17.126547 [info ] [MainThread]: Creating dbt configuration folder at C:\Users\davi.ramos.ODONTOGROUP\.dbt
[0m08:55:17.137708 [debug] [MainThread]: Starter project path: C:\Users\davi.ramos.ODONTOGROUP\OneDrive - ODONTOGROUP - SISTEMA DE SAUDE LTDA\Documentos\Projetos Pessoais\Rick and Morty\.venv\Lib\site-packages\dbt\include\starter_project
[0m08:55:17.176023 [info ] [MainThread]: 
Your new dbt project "rick_and_morty_dbt" was created!

For more information on how to configure the profiles.yml file,
please consult the dbt documentation here:

  https://docs.getdbt.com/docs/configure-your-profile

One more thing:

Need help? Don't hesitate to reach out to us via GitHub issues or on Slack:

  https://community.getdbt.com/

Happy modeling!

[0m08:55:17.177022 [info ] [MainThread]: Setting up your profile.
[0m08:58:10.448821 [info ] [MainThread]: Profile rick_and_morty_dbt written to C:\Users\davi.ramos.ODONTOGROUP\.dbt\profiles.yml using target's profile_template.yml and your supplied values. Run 'dbt debug' to validate the connection.
[0m08:58:10.450830 [debug] [MainThread]: Command `dbt init` succeeded at 08:58:10.450830 after 173.98 seconds
[0m08:58:10.450830 [debug] [MainThread]: Sending event: {'category': 'dbt', 'action': 'invocation', 'label': 'end', 'context': [<snowplow_tracker.self_describing_json.SelfDescribingJson object at 0x00000240EE75CD10>, <snowplow_tracker.self_describing_json.SelfDescribingJson object at 0x00000240EE75F830>, <snowplow_tracker.self_describing_json.SelfDescribingJson object at 0x00000240EE854170>]}
[0m08:58:10.451814 [debug] [MainThread]: Flushing usage events
[0m08:58:11.361696 [debug] [MainThread]: An error was encountered while trying to flush usage events
